2019-05-20 11:15:52,412 Ran __init__ from <class '__main__.WeatherParser'>
2019-05-20 11:15:52,412 Ran __init__ from <class '__main__.MinSpanDataParser'>
2019-05-20 11:15:52,412 Ran parseDataSet from <class '__main__.WeatherParser'>
2019-05-20 11:15:52,423 Ran findMinSpan from <class '__main__.MinSpanDataParser'>
2019-05-20 11:15:52,426 Ran finalOutput from <class '__main__.MinSpanDataParser'>
2019-05-20 11:58:08,933 Ran __init__ from <class '__main__.WeatherParser'>
2019-05-20 11:58:08,933 Ran __init__ from <class '__main__.MinSpanDataParser'>
2019-05-20 11:58:08,933 Ran parseDataSet from <class '__main__.WeatherParser'>
2019-05-20 11:58:08,945 Ran findMinSpan from <class '__main__.MinSpanDataParser'>
2019-05-20 11:58:08,948 Ran finalOutput from <class '__main__.MinSpanDataParser'>
2019-05-20 11:59:31,830 Ran main from None
2019-05-20 11:59:31,831 Ran __init__ from <class '__main__.WeatherParser'>
2019-05-20 11:59:31,831 Ran __init__ from <class '__main__.MinSpanDataParser'>
2019-05-20 11:59:31,831 Ran parseDataSet from <class '__main__.WeatherParser'>
2019-05-20 11:59:31,841 Ran findMinSpan from <class '__main__.MinSpanDataParser'>
2019-05-20 11:59:31,845 Ran finalOutput from <class '__main__.MinSpanDataParser'>
2019-05-20 12:02:13,142 Ran main from None
2019-05-20 12:02:13,143 Ran __init__ from <class '__main__.WeatherParser'>
2019-05-20 12:02:13,143 Ran __init__ from <class '__main__.MinSpanDataParser'>
2019-05-20 12:02:13,143 Ran parseDataSet from <class '__main__.WeatherParser'>
2019-05-20 12:02:13,155 Ran findMinSpan from <class '__main__.MinSpanDataParser'>
2019-05-20 12:02:13,159 Ran finalOutput from <class '__main__.MinSpanDataParser'>
2019-05-20 12:02:17,504 Ran main from None
2019-05-20 12:02:17,506 Ran __init__ from <class '__main__.SoccerParser'>
2019-05-20 12:02:17,506 Ran __init__ from <class '__main__.MinSpanDataParser'>
2019-05-20 12:02:17,506 Ran parseDataSet from <class '__main__.SoccerParser'>
2019-05-20 12:02:17,520 Ran findMinSpan from <class '__main__.MinSpanDataParser'>
2019-05-20 12:02:17,522 Ran finalOutput from <class '__main__.MinSpanDataParser'>
2019-05-20 12:02:29,058 Ran main from None
2019-05-20 12:02:29,059 Ran __init__ from <class '__main__.SoccerParser'>
2019-05-20 12:02:29,059 Ran __init__ from <class '__main__.MinSpanDataParser'>
2019-05-20 12:02:29,059 Ran parseDataSet from <class '__main__.SoccerParser'>
2019-05-20 12:02:29,068 Ran findMinSpan from <class '__main__.MinSpanDataParser'>
2019-05-20 12:02:39,016 Ran main from None
2019-05-20 12:02:39,017 Ran __init__ from <class '__main__.SoccerParser'>
2019-05-20 12:02:39,017 Ran __init__ from <class '__main__.MinSpanDataParser'>
2019-05-20 12:02:39,018 Ran parseDataSet from <class '__main__.SoccerParser'>
2019-05-20 12:02:39,027 Ran findMinSpan from <class '__main__.MinSpanDataParser'>
2019-05-20 12:02:39,030 Ran finalOutput from <class '__main__.MinSpanDataParser'>
2019-05-20 12:02:44,981 Ran main from None
2019-05-20 12:02:44,982 Ran __init__ from <class '__main__.SoccerParser'>
2019-05-20 12:02:44,982 Ran __init__ from <class '__main__.MinSpanDataParser'>
2019-05-20 12:02:44,982 Ran parseDataSet from <class '__main__.SoccerParser'>
2019-05-20 12:02:44,991 Ran findMinSpan from <class '__main__.MinSpanDataParser'>
2019-05-20 12:02:44,993 Ran finalOutput from <class '__main__.MinSpanDataParser'>
2019-05-20 12:14:01,566 Ran main from None
2019-05-20 12:14:01,567 Ran __init__ from <class '__main__.SoccerParser'>
2019-05-20 12:14:01,567 Ran __init__ from <class '__main__.MinSpanDataParser'>
2019-05-20 12:14:01,568 Ran parseDataSet from <class '__main__.SoccerParser'>
2019-05-20 12:14:01,576 Ran findMinSpan from <class '__main__.MinSpanDataParser'>
2019-05-20 12:14:01,579 Ran finalOutput from <class '__main__.MinSpanDataParser'>
2019-05-20 12:14:07,589 Ran main from None
2019-05-20 12:14:07,590 Ran __init__ from <class '__main__.SoccerParser'>
2019-05-20 12:14:07,591 Ran __init__ from <class '__main__.MinSpanDataParser'>
2019-05-20 12:14:07,591 Ran parseDataSet from <class '__main__.SoccerParser'>
2019-05-20 12:14:07,599 Ran findMinSpan from <class '__main__.MinSpanDataParser'>
2019-05-20 12:14:07,601 Ran finalOutput from <class '__main__.MinSpanDataParser'>
2019-05-20 12:14:07,601 Ran plotOutput from <class '__main__.MinSpanDataParser'>
2019-05-20 12:17:38,487 Ran main from None
2019-05-20 12:17:38,488 Ran __init__ from <class '__main__.SoccerParser'>
2019-05-20 12:17:38,488 Ran __init__ from <class '__main__.MinSpanDataParser'>
2019-05-20 12:17:38,489 Ran parseDataSet from <class '__main__.SoccerParser'>
2019-05-20 12:17:38,499 Ran findMinSpan from <class '__main__.MinSpanDataParser'>
2019-05-20 12:17:38,502 Ran finalOutput from <class '__main__.MinSpanDataParser'>
2019-05-20 12:17:38,502 Ran plotOutput from <class '__main__.MinSpanDataParser'>
2019-05-20 12:17:43,873 Ran main from None
2019-05-20 12:17:43,875 Ran __init__ from <class '__main__.WeatherParser'>
2019-05-20 12:17:43,875 Ran __init__ from <class '__main__.MinSpanDataParser'>
2019-05-20 12:17:43,875 Ran parseDataSet from <class '__main__.WeatherParser'>
2019-05-20 12:17:43,891 Ran findMinSpan from <class '__main__.MinSpanDataParser'>
2019-05-20 12:17:43,894 Ran finalOutput from <class '__main__.MinSpanDataParser'>
2019-05-20 12:17:43,895 Ran plotOutput from <class '__main__.MinSpanDataParser'>
2019-05-20 12:21:03,295 Ran main from None
2019-05-20 12:21:03,296 Ran __init__ from <class '__main__.WeatherParser'>
2019-05-20 12:21:03,296 Ran __init__ from <class '__main__.MinSpanDataParser'>
2019-05-20 12:21:03,296 Ran parseDataSet from <class '__main__.WeatherParser'>
2019-05-20 12:21:03,309 Ran findMinSpan from <class '__main__.MinSpanDataParser'>
2019-05-20 12:21:03,313 Ran finalOutput from <class '__main__.MinSpanDataParser'>
2019-05-20 12:21:03,313 Ran plotOutput from <class '__main__.MinSpanDataParser'>
2019-05-20 12:27:04,778 Ran main from None
2019-05-20 12:27:04,781 Ran __init__ from <class '__main__.WeatherParser'>
2019-05-20 12:27:04,781 Ran __init__ from <class '__main__.MinSpanDataParser'>
2019-05-20 12:27:04,781 Ran parseDataSet from <class '__main__.WeatherParser'>
2019-05-20 12:27:04,795 Ran findMinSpan from <class '__main__.MinSpanDataParser'>
2019-05-20 12:27:04,798 Ran finalOutput from <class '__main__.MinSpanDataParser'>
2019-05-20 12:27:04,798 Ran plotOutput from <class '__main__.MinSpanDataParser'>
2019-05-20 12:29:24,280 Ran main from None
2019-05-20 12:29:24,281 Ran __init__ from <class '__main__.WeatherParser'>
2019-05-20 12:29:24,281 Ran __init__ from <class '__main__.MinSpanDataParser'>
2019-05-20 12:29:24,281 Ran parseDataSet from <class '__main__.WeatherParser'>
2019-05-20 12:29:24,291 Ran findMinSpan from <class '__main__.MinSpanDataParser'>
2019-05-20 12:29:24,295 Ran finalOutput from <class '__main__.MinSpanDataParser'>
2019-05-20 12:29:24,295 Ran plotOutput from <class '__main__.MinSpanDataParser'>
2019-05-20 12:29:34,325 Ran main from None
2019-05-20 12:29:34,326 Ran __init__ from <class '__main__.WeatherParser'>
2019-05-20 12:29:34,327 Ran __init__ from <class '__main__.MinSpanDataParser'>
2019-05-20 12:29:34,327 Ran parseDataSet from <class '__main__.WeatherParser'>
2019-05-20 12:29:34,337 Ran findMinSpan from <class '__main__.MinSpanDataParser'>
2019-05-20 12:29:34,340 Ran finalOutput from <class '__main__.MinSpanDataParser'>
2019-05-20 12:29:34,340 Ran plotOutput from <class '__main__.MinSpanDataParser'>
2019-05-20 12:30:28,602 Ran main from None
2019-05-20 12:30:28,603 Ran __init__ from <class '__main__.WeatherParser'>
2019-05-20 12:30:28,603 Ran __init__ from <class '__main__.MinSpanDataParser'>
2019-05-20 12:30:28,603 Ran parseDataSet from <class '__main__.WeatherParser'>
2019-05-20 12:30:28,616 Ran findMinSpan from <class '__main__.MinSpanDataParser'>
2019-05-20 12:30:28,619 Ran finalOutput from <class '__main__.MinSpanDataParser'>
2019-05-20 12:30:28,619 Ran plotOutput from <class '__main__.MinSpanDataParser'>
2019-05-20 12:30:37,774 Ran main from None
2019-05-20 12:30:37,775 Ran __init__ from <class '__main__.WeatherParser'>
2019-05-20 12:30:37,775 Ran __init__ from <class '__main__.MinSpanDataParser'>
2019-05-20 12:30:37,775 Ran parseDataSet from <class '__main__.WeatherParser'>
2019-05-20 12:30:37,785 Ran findMinSpan from <class '__main__.MinSpanDataParser'>
2019-05-20 12:30:37,788 Ran finalOutput from <class '__main__.MinSpanDataParser'>
2019-05-20 12:30:37,788 Ran plotOutput from <class '__main__.MinSpanDataParser'>
2019-05-20 12:32:13,752 Ran main from None
2019-05-20 12:32:13,753 Ran __init__ from <class '__main__.WeatherParser'>
2019-05-20 12:32:13,753 Ran __init__ from <class '__main__.MinSpanDataParser'>
2019-05-20 12:32:13,753 Ran parseDataSet from <class '__main__.WeatherParser'>
2019-05-20 12:32:13,765 Ran findMinSpan from <class '__main__.MinSpanDataParser'>
2019-05-20 12:32:13,768 Ran finalOutput from <class '__main__.MinSpanDataParser'>
2019-05-20 12:32:13,768 Ran plotOutput from <class '__main__.MinSpanDataParser'>
2019-05-20 12:32:43,946 Ran main from None
2019-05-20 12:32:43,947 Ran __init__ from <class '__main__.WeatherParser'>
2019-05-20 12:32:43,947 Ran __init__ from <class '__main__.MinSpanDataParser'>
2019-05-20 12:32:43,947 Ran parseDataSet from <class '__main__.WeatherParser'>
2019-05-20 12:32:43,960 Ran findMinSpan from <class '__main__.MinSpanDataParser'>
2019-05-20 12:32:43,964 Ran finalOutput from <class '__main__.MinSpanDataParser'>
2019-05-20 12:32:43,964 Ran plotOutput from <class '__main__.MinSpanDataParser'>
2019-05-20 12:33:56,886 Ran main from None
2019-05-20 12:33:56,888 Ran __init__ from <class '__main__.WeatherParser'>
2019-05-20 12:33:56,888 Ran __init__ from <class '__main__.MinSpanDataParser'>
2019-05-20 12:33:56,888 Ran parseDataSet from <class '__main__.WeatherParser'>
2019-05-20 12:33:56,898 Ran findMinSpan from <class '__main__.MinSpanDataParser'>
2019-05-20 12:33:56,901 Ran finalOutput from <class '__main__.MinSpanDataParser'>
2019-05-20 12:33:56,902 Ran plotOutput from <class '__main__.MinSpanDataParser'>
2019-05-20 12:34:26,818 Ran main from None
2019-05-20 12:34:26,819 Ran __init__ from <class '__main__.WeatherParser'>
2019-05-20 12:34:26,819 Ran __init__ from <class '__main__.MinSpanDataParser'>
2019-05-20 12:34:26,819 Ran parseDataSet from <class '__main__.WeatherParser'>
2019-05-20 12:34:26,830 Ran findMinSpan from <class '__main__.MinSpanDataParser'>
2019-05-20 12:34:26,833 Ran finalOutput from <class '__main__.MinSpanDataParser'>
2019-05-20 12:34:26,833 Ran plotOutput from <class '__main__.MinSpanDataParser'>
2019-05-20 12:34:51,366 Ran main from None
2019-05-20 12:34:51,367 Ran __init__ from <class '__main__.WeatherParser'>
2019-05-20 12:34:51,367 Ran __init__ from <class '__main__.MinSpanDataParser'>
2019-05-20 12:34:51,367 Ran parseDataSet from <class '__main__.WeatherParser'>
2019-05-20 12:34:51,377 Ran findMinSpan from <class '__main__.MinSpanDataParser'>
2019-05-20 12:34:51,380 Ran finalOutput from <class '__main__.MinSpanDataParser'>
2019-05-20 12:34:51,380 Ran plotOutput from <class '__main__.MinSpanDataParser'>
2019-05-20 12:35:32,652 Ran main from None
2019-05-20 12:35:32,653 Ran __init__ from <class '__main__.WeatherParser'>
2019-05-20 12:35:32,653 Ran __init__ from <class '__main__.MinSpanDataParser'>
2019-05-20 12:35:32,653 Ran parseDataSet from <class '__main__.WeatherParser'>
2019-05-20 12:35:32,664 Ran findMinSpan from <class '__main__.MinSpanDataParser'>
2019-05-20 12:35:32,667 Ran finalOutput from <class '__main__.MinSpanDataParser'>
2019-05-20 12:35:32,667 Ran plotOutput from <class '__main__.MinSpanDataParser'>
2019-05-20 12:35:54,767 Ran main from None
2019-05-20 12:35:54,768 Ran __init__ from <class '__main__.WeatherParser'>
2019-05-20 12:35:54,768 Ran __init__ from <class '__main__.MinSpanDataParser'>
2019-05-20 12:35:54,768 Ran parseDataSet from <class '__main__.WeatherParser'>
2019-05-20 12:35:54,778 Ran findMinSpan from <class '__main__.MinSpanDataParser'>
2019-05-20 12:35:54,781 Ran finalOutput from <class '__main__.MinSpanDataParser'>
2019-05-20 12:35:54,781 Ran plotOutput from <class '__main__.MinSpanDataParser'>
2019-05-20 12:38:04,804 Ran main from None
2019-05-20 12:38:04,806 Ran __init__ from <class '__main__.WeatherParser'>
2019-05-20 12:38:04,806 Ran __init__ from <class '__main__.MinSpanDataParser'>
2019-05-20 12:38:04,806 Ran parseDataSet from <class '__main__.WeatherParser'>
2019-05-20 12:38:04,816 Ran findMinSpan from <class '__main__.MinSpanDataParser'>
2019-05-20 12:38:04,819 Ran finalOutput from <class '__main__.MinSpanDataParser'>
2019-05-20 12:38:04,819 Ran plotOutput from <class '__main__.MinSpanDataParser'>
2019-05-20 12:38:51,040 Ran main from None
2019-05-20 12:38:51,041 Ran __init__ from <class '__main__.WeatherParser'>
2019-05-20 12:38:51,041 Ran __init__ from <class '__main__.MinSpanDataParser'>
2019-05-20 12:38:51,041 Ran parseDataSet from <class '__main__.WeatherParser'>
2019-05-20 12:38:51,052 Ran findMinSpan from <class '__main__.MinSpanDataParser'>
2019-05-20 12:38:51,055 Ran finalOutput from <class '__main__.MinSpanDataParser'>
2019-05-20 12:38:51,056 Ran plotOutput from <class '__main__.MinSpanDataParser'>
2019-05-20 12:41:22,279 Ran main from None
2019-05-20 12:41:22,280 Ran __init__ from <class '__main__.WeatherParser'>
2019-05-20 12:41:22,280 Ran __init__ from <class '__main__.MinSpanDataParser'>
2019-05-20 12:41:22,280 Ran parseDataSet from <class '__main__.WeatherParser'>
2019-05-20 12:41:22,291 Ran findMinSpan from <class '__main__.MinSpanDataParser'>
2019-05-20 12:41:22,294 Ran finalOutput from <class '__main__.MinSpanDataParser'>
2019-05-20 12:41:22,294 Ran plotOutput from <class '__main__.MinSpanDataParser'>
2019-05-20 12:41:38,635 Ran main from None
2019-05-20 12:41:38,636 Ran __init__ from <class '__main__.WeatherParser'>
2019-05-20 12:41:38,636 Ran __init__ from <class '__main__.MinSpanDataParser'>
2019-05-20 12:41:38,636 Ran parseDataSet from <class '__main__.WeatherParser'>
2019-05-20 12:41:38,647 Ran findMinSpan from <class '__main__.MinSpanDataParser'>
2019-05-20 12:41:38,650 Ran finalOutput from <class '__main__.MinSpanDataParser'>
2019-05-20 12:41:38,650 Ran plotOutput from <class '__main__.MinSpanDataParser'>
2019-05-20 12:42:32,816 Ran main from None
2019-05-20 12:42:32,817 Ran __init__ from <class '__main__.WeatherParser'>
2019-05-20 12:42:32,817 Ran __init__ from <class '__main__.MinSpanDataParser'>
2019-05-20 12:42:32,817 Ran parseDataSet from <class '__main__.WeatherParser'>
2019-05-20 12:42:32,828 Ran findMinSpan from <class '__main__.MinSpanDataParser'>
2019-05-20 12:42:32,831 Ran finalOutput from <class '__main__.MinSpanDataParser'>
2019-05-20 12:42:32,831 Ran plotOutput from <class '__main__.MinSpanDataParser'>
2019-05-20 12:43:45,516 Ran main from None
2019-05-20 12:43:45,517 Ran __init__ from <class '__main__.WeatherParser'>
2019-05-20 12:43:45,517 Ran __init__ from <class '__main__.MinSpanDataParser'>
2019-05-20 12:43:45,517 Ran parseDataSet from <class '__main__.WeatherParser'>
2019-05-20 12:43:45,530 Ran findMinSpan from <class '__main__.MinSpanDataParser'>
2019-05-20 12:43:45,534 Ran finalOutput from <class '__main__.MinSpanDataParser'>
2019-05-20 12:43:45,534 Ran plotOutput from <class '__main__.MinSpanDataParser'>
2019-05-20 12:43:59,729 Ran main from None
2019-05-20 12:43:59,730 Ran __init__ from <class '__main__.WeatherParser'>
2019-05-20 12:43:59,730 Ran __init__ from <class '__main__.MinSpanDataParser'>
2019-05-20 12:43:59,730 Ran parseDataSet from <class '__main__.WeatherParser'>
2019-05-20 12:43:59,741 Ran findMinSpan from <class '__main__.MinSpanDataParser'>
2019-05-20 12:43:59,744 Ran finalOutput from <class '__main__.MinSpanDataParser'>
2019-05-20 12:43:59,744 Ran plotOutput from <class '__main__.MinSpanDataParser'>
2019-05-20 12:44:36,046 Ran main from None
2019-05-20 12:44:36,047 Ran __init__ from <class '__main__.WeatherParser'>
2019-05-20 12:44:36,047 Ran __init__ from <class '__main__.MinSpanDataParser'>
2019-05-20 12:44:36,047 Ran parseDataSet from <class '__main__.WeatherParser'>
2019-05-20 12:44:36,058 Ran findMinSpan from <class '__main__.MinSpanDataParser'>
2019-05-20 12:44:36,061 Ran finalOutput from <class '__main__.MinSpanDataParser'>
2019-05-20 12:44:36,061 Ran plotOutput from <class '__main__.MinSpanDataParser'>
2019-05-20 13:03:32,080 Ran main from None
2019-05-20 13:03:32,081 Ran __init__ from <class '__main__.WeatherParser'>
2019-05-20 13:03:32,082 Ran __init__ from <class '__main__.MinSpanDataParser'>
2019-05-20 13:03:32,082 Ran parseDataSet from <class '__main__.WeatherParser'>
2019-05-20 13:03:32,093 Ran findMinSpan from <class '__main__.MinSpanDataParser'>
2019-05-20 13:03:32,096 Ran finalOutput from <class '__main__.MinSpanDataParser'>
2019-05-20 13:03:32,096 Ran plotOutput from <class '__main__.MinSpanDataParser'>
2019-05-20 13:18:33,094 Ran main from None
2019-05-20 13:18:33,096 Ran __init__ from <class '__main__.WeatherParser'>
2019-05-20 13:18:33,096 Ran __init__ from <class '__main__.MinSpanDataParser'>
2019-05-20 13:18:33,096 Ran parseDataSet from <class '__main__.WeatherParser'>
2019-05-20 13:18:33,109 Ran findMinSpan from <class '__main__.MinSpanDataParser'>
2019-05-20 13:18:33,113 Ran finalOutput from <class '__main__.MinSpanDataParser'>
2019-05-20 13:18:33,113 Ran plotOutput from <class '__main__.MinSpanDataParser'>
2019-05-20 13:18:56,947 Ran main from None
2019-05-20 13:18:56,948 Ran __init__ from <class '__main__.WeatherParser'>
2019-05-20 13:18:56,948 Ran __init__ from <class '__main__.MinSpanDataParser'>
2019-05-20 13:18:56,948 Ran parseDataSet from <class '__main__.WeatherParser'>
2019-05-20 13:18:56,960 Ran findMinSpan from <class '__main__.MinSpanDataParser'>
2019-05-20 13:18:56,963 Ran finalOutput from <class '__main__.MinSpanDataParser'>
2019-05-20 13:18:56,963 Ran plotOutput from <class '__main__.MinSpanDataParser'>
2019-05-20 13:19:50,836 Ran main from None
2019-05-20 13:22:59,803 Ran main from None
2019-05-20 13:23:02,422 Ran main from None
2019-05-20 13:23:02,423 Ran __init__ from <class '__main__.WeatherParser'>
2019-05-20 13:23:02,424 Ran __init__ from <class '__main__.MinSpanDataParser'>
2019-05-20 13:23:02,424 Ran parseDataSet from <class '__main__.WeatherParser'>
2019-05-20 13:23:02,444 Ran findMinSpan from <class '__main__.MinSpanDataParser'>
2019-05-20 13:23:02,448 Ran finalOutput from <class '__main__.MinSpanDataParser'>
2019-05-20 13:23:02,448 Ran plotOutput from <class '__main__.MinSpanDataParser'>
2019-05-20 13:23:57,084 Ran main from None
2019-05-20 13:23:57,085 Ran __init__ from <class '__main__.SoccerParser'>
2019-05-20 13:23:57,085 Ran __init__ from <class '__main__.MinSpanDataParser'>
2019-05-20 13:23:57,085 Ran parseDataSet from <class '__main__.SoccerParser'>
2019-05-20 13:23:57,101 Ran findMinSpan from <class '__main__.MinSpanDataParser'>
2019-05-20 13:23:57,104 Ran finalOutput from <class '__main__.MinSpanDataParser'>
2019-05-20 13:23:57,104 Ran plotOutput from <class '__main__.MinSpanDataParser'>
